# JRE version: Java(TM) SE Runtime Environment (8.0_171-b11) (build 1.8.0_171-b11)
# Java VM: Java HotSpot(TM) 64-Bit Server VM (25.171-b11 mixed mode windows-amd64 compressed oops)
Heap:
 PSYoungGen      total 70656K, used 26436K [0x00000000d6780000, 0x00000000db180000, 0x0000000100000000)
  eden space 65536K, 32% used [0x00000000d6780000,0x00000000d7c54fa0,0x00000000da780000)
  from space 5120K, 99% used [0x00000000dac80000,0x00000000db17c220,0x00000000db180000)
  to   space 5120K, 0% used [0x00000000da780000,0x00000000da780000,0x00000000dac80000)
 ParOldGen       total 54272K, used 13799K [0x0000000083600000, 0x0000000086b00000, 0x00000000d6780000)
  object space 54272K, 25% used [0x0000000083600000,0x0000000084379fc0,0x0000000086b00000)
 Metaspace       used 30811K, capacity 32306K, committed 32640K, reserved 1079296K
  class space    used 4096K, capacity 4393K, committed 4480K, reserved 1048576K
GC Heap History (10 events):
Event: 2.510 GC heap before
{Heap before GC invocations=3 (full 0):
 PSYoungGen      total 37888K, used 37866K [0x00000000d6780000, 0x00000000db180000, 0x0000000100000000)
  eden space 32768K, 100% used [0x00000000d6780000,0x00000000d8780000,0x00000000d8780000)
  from space 5120K, 99% used [0x00000000d8c80000,0x00000000d917ab38,0x00000000d9180000)
  to   space 5120K, 0% used [0x00000000d8780000,0x00000000d8780000,0x00000000d8c80000)
 ParOldGen       total 86016K, used 1254K [0x0000000083600000, 0x0000000088a00000, 0x00000000d6780000)
  object space 86016K, 1% used [0x0000000083600000,0x0000000083739ac0,0x0000000088a00000)
 Metaspace       used 17883K, capacity 18470K, committed 18688K, reserved 1064960K
  class space    used 2374K, capacity 2507K, committed 2560K, reserved 1048576K
Event: 2.532 GC heap after
Heap after GC invocations=3 (full 0):
 PSYoungGen      total 37888K, used 5114K [0x00000000d6780000, 0x00000000db180000, 0x0000000100000000)
  eden space 32768K, 0% used [0x00000000d6780000,0x00000000d6780000,0x00000000d8780000)
  from space 5120K, 99% used [0x00000000d8780000,0x00000000d8c7e9d0,0x00000000d8c80000)
  to   space 5120K, 0% used [0x00000000dac80000,0x00000000dac80000,0x00000000db180000)
 ParOldGen       total 86016K, used 3315K [0x0000000083600000, 0x0000000088a00000, 0x00000000d6780000)
  object space 86016K, 3% used [0x0000000083600000,0x000000008393cff0,0x0000000088a00000)
 Metaspace       used 17883K, capacity 18470K, committed 18688K, reserved 1064960K
  class space    used 2374K, capacity 2507K, committed 2560K, reserved 1048576K
}
Event: 2.718 GC heap before
{Heap before GC invocations=4 (full 0):
 PSYoungGen      total 37888K, used 25766K [0x00000000d6780000, 0x00000000db180000, 0x0000000100000000)
  eden space 32768K, 63% used [0x00000000d6780000,0x00000000d7bab140,0x00000000d8780000)
  from space 5120K, 99% used [0x00000000d8780000,0x00000000d8c7e9d0,0x00000000d8c80000)
  to   space 5120K, 0% used [0x00000000dac80000,0x00000000dac80000,0x00000000db180000)
 ParOldGen       total 86016K, used 3315K [0x0000000083600000, 0x0000000088a00000, 0x00000000d6780000)
  object space 86016K, 3% used [0x0000000083600000,0x000000008393cff0,0x0000000088a00000)
 Metaspace       used 20637K, capacity 21218K, committed 21296K, reserved 1067008K
  class space    used 2707K, capacity 2873K, committed 2944K, reserved 1048576K
Event: 2.727 GC heap after
Heap after GC invocations=4 (full 0):
 PSYoungGen      total 70656K, used 5098K [0x00000000d6780000, 0x00000000db180000, 0x0000000100000000)
  eden space 65536K, 0% used [0x00000000d6780000,0x00000000d6780000,0x00000000da780000)
  from space 5120K, 99% used [0x00000000dac80000,0x00000000db17ab38,0x00000000db180000)
  to   space 5120K, 0% used [0x00000000da780000,0x00000000da780000,0x00000000dac80000)
 ParOldGen       total 86016K, used 5492K [0x0000000083600000, 0x0000000088a00000, 0x00000000d6780000)
  object space 86016K, 6% used [0x0000000083600000,0x0000000083b5d1a8,0x0000000088a00000)
 Metaspace       used 20637K, capacity 21218K, committed 21296K, reserved 1067008K
  class space    used 2707K, capacity 2873K, committed 2944K, reserved 1048576K
}
Event: 2.727 GC heap before
{Heap before GC invocations=5 (full 1):
 PSYoungGen      total 70656K, used 5098K [0x00000000d6780000, 0x00000000db180000, 0x0000000100000000)
  eden space 65536K, 0% used [0x00000000d6780000,0x00000000d6780000,0x00000000da780000)
  from space 5120K, 99% used [0x00000000dac80000,0x00000000db17ab38,0x00000000db180000)
  to   space 5120K, 0% used [0x00000000da780000,0x00000000da780000,0x00000000dac80000)
 ParOldGen       total 86016K, used 5492K [0x0000000083600000, 0x0000000088a00000, 0x00000000d6780000)
  object space 86016K, 6% used [0x0000000083600000,0x0000000083b5d1a8,0x0000000088a00000)
 Metaspace       used 20637K, capacity 21218K, committed 21296K, reserved 1067008K
  class space    used 2707K, capacity 2873K, committed 2944K, reserved 1048576K
Event: 2.768 GC heap after
Heap after GC invocations=5 (full 1):
 PSYoungGen      total 70656K, used 0K [0x00000000d6780000, 0x00000000db180000, 0x0000000100000000)
  eden space 65536K, 0% used [0x00000000d6780000,0x00000000d6780000,0x00000000da780000)
  from space 5120K, 0% used [0x00000000dac80000,0x00000000dac80000,0x00000000db180000)
  to   space 5120K, 0% used [0x00000000da780000,0x00000000da780000,0x00000000dac80000)
 ParOldGen       total 54272K, used 7122K [0x0000000083600000, 0x0000000086b00000, 0x00000000d6780000)
  object space 54272K, 13% used [0x0000000083600000,0x0000000083cf4b48,0x0000000086b00000)
 Metaspace       used 20637K, capacity 21218K, committed 21296K, reserved 1067008K
  class space    used 2707K, capacity 2873K, committed 2944K, reserved 1048576K
}
Event: 3.527 GC heap before
{Heap before GC invocations=6 (full 1):
 PSYoungGen      total 70656K, used 65536K [0x00000000d6780000, 0x00000000db180000, 0x0000000100000000)
  eden space 65536K, 100% used [0x00000000d6780000,0x00000000da780000,0x00000000da780000)
  from space 5120K, 0% used [0x00000000dac80000,0x00000000dac80000,0x00000000db180000)
  to   space 5120K, 0% used [0x00000000da780000,0x00000000da780000,0x00000000dac80000)
 ParOldGen       total 54272K, used 7122K [0x0000000083600000, 0x0000000086b00000, 0x00000000d6780000)
  object space 54272K, 13% used [0x0000000083600000,0x0000000083cf4b48,0x0000000086b00000)
 Metaspace       used 24855K, capacity 25736K, committed 25856K, reserved 1071104K
  class space    used 3304K, capacity 3528K, committed 3584K, reserved 1048576K
Event: 3.538 GC heap after
Heap after GC invocations=6 (full 1):
 PSYoungGen      total 70656K, used 5112K [0x00000000d6780000, 0x00000000db180000, 0x0000000100000000)
  eden space 65536K, 0% used [0x00000000d6780000,0x00000000d6780000,0x00000000da780000)
  from space 5120K, 99% used [0x00000000da780000,0x00000000dac7e1f8,0x00000000dac80000)
  to   space 5120K, 0% used [0x00000000dac80000,0x00000000dac80000,0x00000000db180000)
 ParOldGen       total 54272K, used 9261K [0x0000000083600000, 0x0000000086b00000, 0x00000000d6780000)
  object space 54272K, 17% used [0x0000000083600000,0x0000000083f0b550,0x0000000086b00000)
 Metaspace       used 24855K, capacity 25736K, committed 25856K, reserved 1071104K
  class space    used 3304K, capacity 3528K, committed 3584K, reserved 1048576K
}
Event: 4.398 GC heap before
{Heap before GC invocations=7 (full 1):
 PSYoungGen      total 70656K, used 70648K [0x00000000d6780000, 0x00000000db180000, 0x0000000100000000)
  eden space 65536K, 100% used [0x00000000d6780000,0x00000000da780000,0x00000000da780000)
  from space 5120K, 99% used [0x00000000da780000,0x00000000dac7e1f8,0x00000000dac80000)
  to   space 5120K, 0% used [0x00000000dac80000,0x00000000dac80000,0x00000000db180000)
 ParOldGen       total 54272K, used 9261K [0x0000000083600000, 0x0000000086b00000, 0x00000000d6780000)
  object space 54272K, 17% used [0x0000000083600000,0x0000000083f0b550,0x0000000086b00000)
 Metaspace       used 29334K, capacity 30724K, committed 30848K, reserved 1075200K
  class space    used 3879K, capacity 4160K, committed 4224K, reserved 1048576K
Event: 4.406 GC heap after
Heap after GC invocations=7 (full 1):
 PSYoungGen      total 70656K, used 5104K [0x00000000d6780000, 0x00000000db180000, 0x0000000100000000)
  eden space 65536K, 0% used [0x00000000d6780000,0x00000000d6780000,0x00000000da780000)
  from space 5120K, 99% used [0x00000000dac80000,0x00000000db17c220,0x00000000db180000)
  to   space 5120K, 0% used [0x00000000da780000,0x00000000da780000,0x00000000dac80000)
 ParOldGen       total 54272K, used 13799K [0x0000000083600000, 0x0000000086b00000, 0x00000000d6780000)
  object space 54272K, 25% used [0x0000000083600000,0x0000000084379fc0,0x0000000086b00000)
 Metaspace       used 29334K, capacity 30724K, committed 30848K, reserved 1075200K
  class space    used 3879K, capacity 4160K, committed 4224K, reserved 1048576K
}

